<?xml version="1.0" encoding="utf-8"?><testsuites><testsuite errors="0" failures="2" hostname="12773a133501" name="pytest" skipped="0" tests="14" time="0.423" timestamp="2024-06-14T19:25:00.666268"><testcase classname="test.rest.api_test.TestApi" name="test_api_add" time="0.001"><failure message="AssertionError: unexpectedly None : URL no configurada">self = &lt;rest.api_test.TestApi testMethod=test_api_add&gt;

    def setUp(self):
&gt;       self.assertIsNotNone(BASE_URL, &quot;URL no configurada&quot;)
E       AssertionError: unexpectedly None : URL no configurada

test/rest/api_test.py:15: AssertionError</failure></testcase><testcase classname="test.sec.owasp_zap_test.TestApi" name="test_security_scan" time="0.001"><failure message="AssertionError: unexpectedly None : URL no configurada">self = &lt;sec.owasp_zap_test.TestApi testMethod=test_security_scan&gt;

    def setUp(self):
&gt;       self.assertIsNotNone(TARGET_URL, &quot;URL no configurada&quot;)
E       AssertionError: unexpectedly None : URL no configurada

test/sec/owasp_zap_test.py:19: AssertionError</failure></testcase><testcase classname="test.unit.calc_test.TestCalculate" name="test_add_method_fails_with_nan_parameter" time="0.002"></testcase><testcase classname="test.unit.calc_test.TestCalculate" name="test_add_method_returns_correct_result" time="0.001"></testcase><testcase classname="test.unit.calc_test.TestCalculate" name="test_divide_method_fails_with_division_by_zero" time="0.001"></testcase><testcase classname="test.unit.calc_test.TestCalculate" name="test_divide_method_fails_with_nan_parameter" time="0.002"></testcase><testcase classname="test.unit.calc_test.TestCalculate" name="test_divide_method_returns_correct_result" time="0.001"></testcase><testcase classname="test.unit.calc_test.TestCalculate" name="test_log10_method_fails_with_non_positive_number" time="0.002"></testcase><testcase classname="test.unit.calc_test.TestCalculate" name="test_log10_method_returns_correct_result" time="0.001"></testcase><testcase classname="test.unit.calc_test.TestCalculate" name="test_multiply_method_returns_correct_result" time="0.003"></testcase><testcase classname="test.unit.calc_test.TestCalculate" name="test_sqrt_method_fails_with_negative_number" time="0.002"></testcase><testcase classname="test.unit.calc_test.TestCalculate" name="test_sqrt_method_returns_correct_result" time="0.003"></testcase><testcase classname="test.unit.util_test.TestUtil" name="test_convert_to_number_correct_param" time="0.003"></testcase><testcase classname="test.unit.util_test.TestUtil" name="test_convert_to_number_invalid_type" time="0.002"></testcase></testsuite></testsuites>